# JRE version: OpenJDK Runtime Environment (11.0.8+10) (build 11.0.8+10-b944.6842174)
# Java VM: OpenJDK 64-Bit Server VM (11.0.8+10-b944.6842174, mixed mode, tiered, compressed oops, g1 gc, windows-amd64)
Heap:
 garbage-first heap   total 172032K, used 113279K [0x00000000a1400000, 0x0000000100000000)
  region size 1024K, 28 young (28672K), 6 survivors (6144K)
 Metaspace       used 64157K, capacity 68274K, committed 69248K, reserved 1110016K
  class space    used 6975K, capacity 8960K, committed 9088K, reserved 1048576K
GC Heap History (20 events):
Event: 29.045 GC heap before
{Heap before GC invocations=35 (full 0):
 garbage-first heap   total 172032K, used 133259K [0x00000000a1400000, 0x0000000100000000)
  region size 1024K, 68 young (69632K), 5 survivors (5120K)
 Metaspace       used 50435K, capacity 53488K, committed 53632K, reserved 1095680K
  class space    used 5454K, capacity 6983K, committed 7040K, reserved 1048576K
}
Event: 29.062 GC heap after
{Heap after GC invocations=36 (full 0):
 garbage-first heap   total 172032K, used 71645K [0x00000000a1400000, 0x0000000100000000)
  region size 1024K, 7 young (7168K), 7 survivors (7168K)
 Metaspace       used 50435K, capacity 53488K, committed 53632K, reserved 1095680K
  class space    used 5454K, capacity 6983K, committed 7040K, reserved 1048576K
}
Event: 30.428 GC heap before
{Heap before GC invocations=36 (full 0):
 garbage-first heap   total 172032K, used 137181K [0x00000000a1400000, 0x0000000100000000)
  region size 1024K, 71 young (72704K), 7 survivors (7168K)
 Metaspace       used 53254K, capacity 56597K, committed 56704K, reserved 1097728K
  class space    used 5803K, capacity 7502K, committed 7552K, reserved 1048576K
}
Event: 30.445 GC heap after
{Heap after GC invocations=37 (full 0):
 garbage-first heap   total 172032K, used 73574K [0x00000000a1400000, 0x0000000100000000)
  region size 1024K, 6 young (6144K), 6 survivors (6144K)
 Metaspace       used 53254K, capacity 56597K, committed 56704K, reserved 1097728K
  class space    used 5803K, capacity 7502K, committed 7552K, reserved 1048576K
}
Event: 31.743 GC heap before
{Heap before GC invocations=37 (full 0):
 garbage-first heap   total 172032K, used 142182K [0x00000000a1400000, 0x0000000100000000)
  region size 1024K, 73 young (74752K), 6 survivors (6144K)
 Metaspace       used 54897K, capacity 58534K, committed 58880K, reserved 1099776K
  class space    used 6017K, capacity 7843K, committed 7936K, reserved 1048576K
}
Event: 31.760 GC heap after
{Heap after GC invocations=38 (full 0):
 garbage-first heap   total 172032K, used 74941K [0x00000000a1400000, 0x0000000100000000)
  region size 1024K, 6 young (6144K), 6 survivors (6144K)
 Metaspace       used 54897K, capacity 58534K, committed 58880K, reserved 1099776K
  class space    used 6017K, capacity 7843K, committed 7936K, reserved 1048576K
}
Event: 32.817 GC heap before
{Heap before GC invocations=38 (full 0):
 garbage-first heap   total 172032K, used 142525K [0x00000000a1400000, 0x0000000100000000)
  region size 1024K, 72 young (73728K), 6 survivors (6144K)
 Metaspace       used 57073K, capacity 60858K, committed 60928K, reserved 1101824K
  class space    used 6264K, capacity 8154K, committed 8192K, reserved 1048576K
}
Event: 32.835 GC heap after
{Heap after GC invocations=39 (full 0):
 garbage-first heap   total 172032K, used 76669K [0x00000000a1400000, 0x0000000100000000)
  region size 1024K, 6 young (6144K), 6 survivors (6144K)
 Metaspace       used 57073K, capacity 60858K, committed 60928K, reserved 1101824K
  class space    used 6264K, capacity 8154K, committed 8192K, reserved 1048576K
}
Event: 33.711 GC heap before
{Heap before GC invocations=39 (full 0):
 garbage-first heap   total 172032K, used 144253K [0x00000000a1400000, 0x0000000100000000)
  region size 1024K, 72 young (73728K), 6 survivors (6144K)
 Metaspace       used 59241K, capacity 63074K, committed 63232K, reserved 1103872K
  class space    used 6424K, capacity 8341K, committed 8448K, reserved 1048576K
}
Event: 33.727 GC heap after
{Heap after GC invocations=40 (full 0):
 garbage-first heap   total 172032K, used 77641K [0x00000000a1400000, 0x0000000100000000)
  region size 1024K, 4 young (4096K), 4 survivors (4096K)
 Metaspace       used 59241K, capacity 63074K, committed 63232K, reserved 1103872K
  class space    used 6424K, capacity 8341K, committed 8448K, reserved 1048576K
}
Event: 34.416 GC heap before
{Heap before GC invocations=40 (full 0):
 garbage-first heap   total 172032K, used 145225K [0x00000000a1400000, 0x0000000100000000)
  region size 1024K, 70 young (71680K), 4 survivors (4096K)
 Metaspace       used 60868K, capacity 64722K, committed 64896K, reserved 1105920K
  class space    used 6566K, capacity 8479K, committed 8576K, reserved 1048576K
}
Event: 34.429 GC heap after
{Heap after GC invocations=41 (full 0):
 garbage-first heap   total 172032K, used 78870K [0x00000000a1400000, 0x0000000100000000)
  region size 1024K, 6 young (6144K), 6 survivors (6144K)
 Metaspace       used 60868K, capacity 64722K, committed 64896K, reserved 1105920K
  class space    used 6566K, capacity 8479K, committed 8576K, reserved 1048576K
}
Event: 35.391 GC heap before
{Heap before GC invocations=41 (full 0):
 garbage-first heap   total 172032K, used 147478K [0x00000000a1400000, 0x0000000100000000)
  region size 1024K, 71 young (72704K), 6 survivors (6144K)
 Metaspace       used 62240K, capacity 66359K, committed 66432K, reserved 1107968K
  class space    used 6753K, capacity 8763K, committed 8832K, reserved 1048576K
}
Event: 35.410 GC heap after
{Heap after GC invocations=42 (full 0):
 garbage-first heap   total 172032K, used 85285K [0x00000000a1400000, 0x0000000100000000)
  region size 1024K, 9 young (9216K), 9 survivors (9216K)
 Metaspace       used 62240K, capacity 66359K, committed 66432K, reserved 1107968K
  class space    used 6753K, capacity 8763K, committed 8832K, reserved 1048576K
}
Event: 36.649 GC heap before
{Heap before GC invocations=42 (full 0):
 garbage-first heap   total 172032K, used 143653K [0x00000000a1400000, 0x0000000100000000)
  region size 1024K, 66 young (67584K), 9 survivors (9216K)
 Metaspace       used 64246K, capacity 68441K, committed 68736K, reserved 1110016K
  class space    used 6973K, capacity 9012K, committed 9088K, reserved 1048576K
}
Event: 36.667 GC heap after
{Heap after GC invocations=43 (full 0):
 garbage-first heap   total 172032K, used 85689K [0x00000000a1400000, 0x0000000100000000)
  region size 1024K, 5 young (5120K), 5 survivors (5120K)
 Metaspace       used 64246K, capacity 68441K, committed 68736K, reserved 1110016K
  class space    used 6973K, capacity 9012K, committed 9088K, reserved 1048576K
}
Event: 37.242 GC heap before
{Heap before GC invocations=44 (full 0):
 garbage-first heap   total 172032K, used 146105K [0x00000000a1400000, 0x0000000100000000)
  region size 1024K, 64 young (65536K), 5 survivors (5120K)
 Metaspace       used 64531K, capacity 68867K, committed 68992K, reserved 1110016K
  class space    used 6987K, capacity 9052K, committed 9088K, reserved 1048576K
}
Event: 37.257 GC heap after
{Heap after GC invocations=45 (full 0):
 garbage-first heap   total 172032K, used 88319K [0x00000000a1400000, 0x0000000100000000)
  region size 1024K, 4 young (4096K), 4 survivors (4096K)
 Metaspace       used 64531K, capacity 68867K, committed 68992K, reserved 1110016K
  class space    used 6987K, capacity 9052K, committed 9088K, reserved 1048576K
}
Event: 37.688 GC heap before
{Heap before GC invocations=45 (full 0):
 garbage-first heap   total 172032K, used 129279K [0x00000000a1400000, 0x0000000100000000)
  region size 1024K, 45 young (46080K), 4 survivors (4096K)
 Metaspace       used 64629K, capacity 69029K, committed 69248K, reserved 1110016K
  class space    used 6991K, capacity 9058K, committed 9088K, reserved 1048576K
}
Event: 37.700 GC heap after
{Heap after GC invocations=46 (full 0):
 garbage-first heap   total 172032K, used 89727K [0x00000000a1400000, 0x0000000100000000)
  region size 1024K, 6 young (6144K), 6 survivors (6144K)
 Metaspace       used 64629K, capacity 69029K, committed 69248K, reserved 1110016K
  class space    used 6991K, capacity 9058K, committed 9088K, reserved 1048576K
}

